2025-11-30 14:13:36.988 INFO  com.checkers.Main - Checkers starting…
2025-11-30 14:13:36.994 INFO  com.checkers.ui.ConsoleUI - Console session started.
2025-11-30 14:13:43.882 DEBUG com.checkers.logic.GameService - Move WHITE a3 -> b4
2025-11-30 14:13:43.882 DEBUG com.checkers.logic.GameService - Turn ended. Next to move: BLACK
2025-11-30 14:13:54.429 DEBUG com.checkers.logic.GameService - Move BLACK b6 -> c5
2025-11-30 14:13:54.430 DEBUG com.checkers.logic.GameService - Turn ended. Next to move: WHITE
2025-11-30 14:14:01.864 DEBUG com.checkers.logic.GameService - Move WHITE c3 -> d4
2025-11-30 14:14:01.864 DEBUG com.checkers.logic.GameService - Turn ended. Next to move: BLACK
2025-11-30 14:14:06.520 DEBUG com.checkers.logic.GameService - Move BLACK a7 -> b6
2025-11-30 14:14:06.521 DEBUG com.checkers.logic.GameService - Turn ended. Next to move: WHITE
2025-11-30 14:14:14.808 DEBUG com.checkers.logic.GameService - Move WHITE g3 -> h4
2025-11-30 14:14:14.808 DEBUG com.checkers.logic.GameService - Turn ended. Next to move: BLACK
2025-11-30 14:14:18.388 DEBUG com.checkers.logic.GameService - Capture BLACK c5 x b4 -> a3
2025-11-30 14:14:18.388 DEBUG com.checkers.logic.GameService - Turn ended. Next to move: WHITE
2025-11-30 14:14:39.004 INFO  com.checkers.Main - Checkers starting…
2025-11-30 14:14:39.009 INFO  com.checkers.ui.ConsoleUI - Console session started.
2025-11-30 14:14:42.055 INFO  com.checkers.ui.ConsoleUI - Help requested.
2025-11-30 14:14:46.523 INFO  com.checkers.ui.ConsoleUI - Help requested.
2025-11-30 14:14:52.475 INFO  com.checkers.logic.GameService - Restarting game: fresh board, history cleared.
2025-11-30 14:14:52.476 INFO  com.checkers.ui.ConsoleUI - Game restarted by user (confirmed).
2025-11-30 14:14:55.376 INFO  com.checkers.logic.GameService - Game flagged as ended by user.
2025-11-30 14:14:55.376 INFO  com.checkers.ui.ConsoleUI - Game ended by user (confirmed).
2025-11-30 14:14:55.388 INFO  com.checkers.ui.ConsoleUI - Game over: Game ended by user.
2025-11-30 14:14:55.388 INFO  com.checkers.Main - Checkers exiting normally.
2025-11-30 14:17:19.244 DEBUG com.checkers.logic.GameService - Capture WHITE c3 x d4 -> e5
2025-11-30 14:17:19.245 DEBUG com.checkers.logic.GameService - Turn ended. Next to move: BLACK
2025-11-30 14:17:19.251 DEBUG com.checkers.logic.GameService - Move rejected: game already over.
2025-11-30 14:17:19.257 DEBUG com.checkers.logic.GameService - Move rejected: game already over.
2025-11-30 14:17:19.259 DEBUG com.checkers.logic.GameService - Move rejected: game already over.
2025-11-30 14:17:19.261 DEBUG com.checkers.logic.GameService - Illegal: non-king white tried to move backward.
2025-11-30 14:17:19.262 DEBUG com.checkers.logic.GameService - Move WHITE a3 -> b4
2025-11-30 14:17:19.263 DEBUG com.checkers.logic.GameService - Turn ended. Next to move: BLACK
2025-11-30 14:17:19.264 DEBUG com.checkers.logic.GameService - Move rejected: game already over.
2025-11-30 14:17:19.265 DEBUG com.checkers.logic.GameService - Capture WHITE c3 x d4 -> e5
2025-11-30 14:17:19.265 DEBUG com.checkers.logic.GameService - Capture chain continues for the same piece.
2025-11-30 14:17:19.265 DEBUG com.checkers.logic.GameService - Capture WHITE e5 x f6 -> g7
2025-11-30 14:17:19.266 DEBUG com.checkers.logic.GameService - Turn ended. Next to move: BLACK
2025-11-30 14:22:31.466 DEBUG com.checkers.logic.GameService - Move WHITE c3 -> d4
2025-11-30 14:22:31.468 DEBUG com.checkers.logic.GameService - Turn ended. Next to move: BLACK
2025-11-30 14:22:31.468 INFO  com.checkers.logic.GameService - Restarting game: fresh board, history cleared.
2025-11-30 14:22:31.469 DEBUG com.checkers.logic.GameService - Undo ignored (historyEmpty=true, gameOver=false)
2025-11-30 14:22:31.473 DEBUG com.checkers.logic.GameService - Move WHITE c3 -> d4
2025-11-30 14:22:31.473 DEBUG com.checkers.logic.GameService - Turn ended. Next to move: BLACK
2025-11-30 14:22:31.473 INFO  com.checkers.logic.GameService - Game flagged as ended by user.
2025-11-30 14:22:31.473 DEBUG com.checkers.logic.GameService - Undo ignored (historyEmpty=false, gameOver=true)
2025-11-30 14:22:31.474 DEBUG com.checkers.logic.GameService - Move WHITE c3 -> d4
2025-11-30 14:22:31.474 DEBUG com.checkers.logic.GameService - Turn ended. Next to move: BLACK
2025-11-30 14:22:31.474 INFO  com.checkers.logic.GameService - Undo applied. Restored turn: WHITE
2025-11-30 14:22:31.475 INFO  com.checkers.logic.GameService - Game flagged as ended by user.
2025-11-30 14:22:31.477 DEBUG com.checkers.logic.GameService - Move WHITE c3 -> d4
2025-11-30 14:22:31.477 DEBUG com.checkers.logic.GameService - Turn ended. Next to move: BLACK
2025-11-30 14:22:31.477 DEBUG com.checkers.logic.GameService - Move BLACK e6 -> d5
2025-11-30 14:22:31.477 DEBUG com.checkers.logic.GameService - Turn ended. Next to move: WHITE
2025-11-30 14:22:31.477 INFO  com.checkers.logic.GameService - Undo applied. Restored turn: BLACK
2025-11-30 14:22:31.477 INFO  com.checkers.logic.GameService - Undo applied. Restored turn: WHITE
2025-11-30 14:22:31.482 DEBUG com.checkers.logic.GameService - Capture WHITE c3 x d4 -> e5
2025-11-30 14:22:31.482 DEBUG com.checkers.logic.GameService - Turn ended. Next to move: BLACK
2025-11-30 14:22:31.483 DEBUG com.checkers.logic.GameService - Move WHITE g7 -> h8
2025-11-30 14:22:31.483 INFO  com.checkers.logic.GameService - Promotion: WHITE crowned at h8
2025-11-30 14:22:31.483 DEBUG com.checkers.logic.GameService - Turn ended. Next to move: BLACK
2025-11-30 14:22:31.485 DEBUG com.checkers.logic.GameService - Move BLACK d6 -> c5
2025-11-30 14:22:31.485 DEBUG com.checkers.logic.GameService - Turn ended. Next to move: WHITE
2025-11-30 14:22:31.487 DEBUG com.checkers.logic.GameService - Move WHITE d4 -> c3
2025-11-30 14:22:31.487 DEBUG com.checkers.logic.GameService - Turn ended. Next to move: BLACK
2025-11-30 14:22:31.490 DEBUG com.checkers.logic.GameService - Illegal: non-king white tried to move backward.
2025-11-30 14:22:31.492 DEBUG com.checkers.logic.GameService - Move WHITE a3 -> b4
2025-11-30 14:22:31.492 DEBUG com.checkers.logic.GameService - Turn ended. Next to move: BLACK
2025-11-30 14:22:31.493 DEBUG com.checkers.logic.GameService - Move WHITE c3 -> d4
2025-11-30 14:22:31.493 DEBUG com.checkers.logic.GameService - Turn ended. Next to move: BLACK
2025-11-30 14:22:31.494 DEBUG com.checkers.logic.GameService - Capture WHITE c3 x d4 -> e5
2025-11-30 14:22:31.494 DEBUG com.checkers.logic.GameService - Capture chain continues for the same piece.
2025-11-30 14:22:31.494 DEBUG com.checkers.logic.GameService - Capture WHITE e5 x f6 -> g7
2025-11-30 14:22:31.495 DEBUG com.checkers.logic.GameService - Turn ended. Next to move: BLACK
2025-11-30 14:38:15.236 DEBUG com.checkers.logic.GameService - Move WHITE c3 -> d4
2025-11-30 14:38:15.238 DEBUG com.checkers.logic.GameService - Turn ended. Next to move: BLACK
2025-11-30 14:38:15.238 INFO  com.checkers.logic.GameService - Restarting game: fresh board, history cleared.
2025-11-30 14:38:15.239 DEBUG com.checkers.logic.GameService - Undo ignored (historyEmpty=true, gameOver=false)
2025-11-30 14:38:15.243 DEBUG com.checkers.logic.GameService - Move WHITE c3 -> d4
2025-11-30 14:38:15.243 DEBUG com.checkers.logic.GameService - Turn ended. Next to move: BLACK
2025-11-30 14:38:15.243 INFO  com.checkers.logic.GameService - Game flagged as ended by user.
2025-11-30 14:38:15.243 DEBUG com.checkers.logic.GameService - Undo ignored (historyEmpty=false, gameOver=true)
2025-11-30 14:38:15.245 DEBUG com.checkers.logic.GameService - Move WHITE c3 -> d4
2025-11-30 14:38:15.245 DEBUG com.checkers.logic.GameService - Turn ended. Next to move: BLACK
2025-11-30 14:38:15.245 INFO  com.checkers.logic.GameService - Undo applied. Restored turn: WHITE
2025-11-30 14:38:15.246 INFO  com.checkers.logic.GameService - Game flagged as ended by user.
2025-11-30 14:38:15.247 DEBUG com.checkers.logic.GameService - Move WHITE c3 -> d4
2025-11-30 14:38:15.247 DEBUG com.checkers.logic.GameService - Turn ended. Next to move: BLACK
2025-11-30 14:38:15.247 DEBUG com.checkers.logic.GameService - Move BLACK e6 -> d5
2025-11-30 14:38:15.247 DEBUG com.checkers.logic.GameService - Turn ended. Next to move: WHITE
2025-11-30 14:38:15.247 INFO  com.checkers.logic.GameService - Undo applied. Restored turn: BLACK
2025-11-30 14:38:15.247 INFO  com.checkers.logic.GameService - Undo applied. Restored turn: WHITE
2025-11-30 14:38:15.251 DEBUG com.checkers.logic.GameService - Capture WHITE c3 x d4 -> e5
2025-11-30 14:38:15.251 DEBUG com.checkers.logic.GameService - Turn ended. Next to move: BLACK
2025-11-30 14:38:15.252 DEBUG com.checkers.logic.GameService - Move WHITE g7 -> h8
2025-11-30 14:38:15.252 INFO  com.checkers.logic.GameService - Promotion: WHITE crowned at h8
2025-11-30 14:38:15.252 DEBUG com.checkers.logic.GameService - Turn ended. Next to move: BLACK
2025-11-30 14:38:15.253 DEBUG com.checkers.logic.GameService - Move BLACK d6 -> c5
2025-11-30 14:38:15.253 DEBUG com.checkers.logic.GameService - Turn ended. Next to move: WHITE
2025-11-30 14:38:15.255 DEBUG com.checkers.logic.GameService - Move WHITE d4 -> c3
2025-11-30 14:38:15.255 DEBUG com.checkers.logic.GameService - Turn ended. Next to move: BLACK
2025-11-30 14:38:15.257 DEBUG com.checkers.logic.GameService - Illegal: non-king white tried to move backward.
2025-11-30 14:38:15.259 DEBUG com.checkers.logic.GameService - Move WHITE a3 -> b4
2025-11-30 14:38:15.259 DEBUG com.checkers.logic.GameService - Turn ended. Next to move: BLACK
2025-11-30 14:38:15.260 DEBUG com.checkers.logic.GameService - Move WHITE c3 -> d4
2025-11-30 14:38:15.260 DEBUG com.checkers.logic.GameService - Turn ended. Next to move: BLACK
2025-11-30 14:38:15.261 DEBUG com.checkers.logic.GameService - Capture WHITE c3 x d4 -> e5
2025-11-30 14:38:15.261 DEBUG com.checkers.logic.GameService - Capture chain continues for the same piece.
2025-11-30 14:38:15.261 DEBUG com.checkers.logic.GameService - Capture WHITE e5 x f6 -> g7
2025-11-30 14:38:15.261 DEBUG com.checkers.logic.GameService - Turn ended. Next to move: BLACK
2025-11-30 14:49:28.551 DEBUG com.checkers.logic.GameService - Move WHITE c3 -> d4
2025-11-30 14:49:28.552 DEBUG com.checkers.logic.GameService - Turn ended. Next to move: BLACK
2025-11-30 14:49:28.552 INFO  com.checkers.logic.GameService - Restarting game: fresh board, history cleared.
2025-11-30 14:49:28.553 DEBUG com.checkers.logic.GameService - Undo ignored (historyEmpty=true, gameOver=false)
2025-11-30 14:49:28.558 DEBUG com.checkers.logic.GameService - Move WHITE c3 -> d4
2025-11-30 14:49:28.559 DEBUG com.checkers.logic.GameService - Turn ended. Next to move: BLACK
2025-11-30 14:49:28.559 INFO  com.checkers.logic.GameService - Game flagged as ended by user.
2025-11-30 14:49:28.559 DEBUG com.checkers.logic.GameService - Undo ignored (historyEmpty=false, gameOver=true)
2025-11-30 14:49:28.562 DEBUG com.checkers.logic.GameService - Move WHITE c3 -> d4
2025-11-30 14:49:28.562 DEBUG com.checkers.logic.GameService - Turn ended. Next to move: BLACK
2025-11-30 14:49:28.562 INFO  com.checkers.logic.GameService - Undo applied. Restored turn: WHITE
2025-11-30 14:49:28.563 INFO  com.checkers.logic.GameService - Game flagged as ended by user.
2025-11-30 14:49:28.564 DEBUG com.checkers.logic.GameService - Move WHITE c3 -> d4
2025-11-30 14:49:28.564 DEBUG com.checkers.logic.GameService - Turn ended. Next to move: BLACK
2025-11-30 14:49:28.565 DEBUG com.checkers.logic.GameService - Move BLACK e6 -> d5
2025-11-30 14:49:28.565 DEBUG com.checkers.logic.GameService - Turn ended. Next to move: WHITE
2025-11-30 14:49:28.565 INFO  com.checkers.logic.GameService - Undo applied. Restored turn: BLACK
2025-11-30 14:49:28.565 INFO  com.checkers.logic.GameService - Undo applied. Restored turn: WHITE
2025-11-30 14:49:28.571 DEBUG com.checkers.logic.GameService - Capture WHITE c3 x d4 -> e5
2025-11-30 14:49:28.571 DEBUG com.checkers.logic.GameService - Turn ended. Next to move: BLACK
2025-11-30 14:49:28.572 DEBUG com.checkers.logic.GameService - Move WHITE g7 -> h8
2025-11-30 14:49:28.572 INFO  com.checkers.logic.GameService - Promotion: WHITE crowned at h8
2025-11-30 14:49:28.572 DEBUG com.checkers.logic.GameService - Turn ended. Next to move: BLACK
2025-11-30 14:49:28.574 DEBUG com.checkers.logic.GameService - Move BLACK d6 -> c5
2025-11-30 14:49:28.574 DEBUG com.checkers.logic.GameService - Turn ended. Next to move: WHITE
2025-11-30 14:49:28.575 DEBUG com.checkers.logic.GameService - Move WHITE d4 -> c3
2025-11-30 14:49:28.576 DEBUG com.checkers.logic.GameService - Turn ended. Next to move: BLACK
2025-11-30 14:49:28.578 DEBUG com.checkers.logic.GameService - Illegal: non-king white tried to move backward.
2025-11-30 14:49:28.579 DEBUG com.checkers.logic.GameService - Move WHITE a3 -> b4
2025-11-30 14:49:28.580 DEBUG com.checkers.logic.GameService - Turn ended. Next to move: BLACK
2025-11-30 14:49:28.581 DEBUG com.checkers.logic.GameService - Move WHITE c3 -> d4
2025-11-30 14:49:28.581 DEBUG com.checkers.logic.GameService - Turn ended. Next to move: BLACK
2025-11-30 14:49:28.584 DEBUG com.checkers.logic.GameService - Capture WHITE c3 x d4 -> e5
2025-11-30 14:49:28.584 DEBUG com.checkers.logic.GameService - Capture chain continues for the same piece.
2025-11-30 14:49:28.584 DEBUG com.checkers.logic.GameService - Capture WHITE e5 x f6 -> g7
2025-11-30 14:49:28.584 DEBUG com.checkers.logic.GameService - Turn ended. Next to move: BLACK
2025-11-30 14:49:33.320 INFO  com.checkers.Main - Checkers starting…
2025-11-30 14:49:33.324 INFO  com.checkers.ui.ConsoleUI - Console session started.
2025-11-30 14:49:39.328 DEBUG com.checkers.logic.GameService - Move WHITE a3 -> b4
2025-11-30 14:49:39.328 DEBUG com.checkers.logic.GameService - Turn ended. Next to move: BLACK
2025-11-30 14:49:44.557 DEBUG com.checkers.logic.GameService - Illegal: square blocked or same-color piece at b6
2025-11-30 14:49:49.117 INFO  com.checkers.logic.GameService - Undo applied. Restored turn: WHITE
2025-11-30 14:49:49.117 INFO  com.checkers.ui.ConsoleUI - Undo executed.
2025-11-30 14:49:53.512 INFO  com.checkers.ui.ConsoleUI - Restart cancelled by user.
2025-11-30 14:49:56.295 INFO  com.checkers.logic.GameService - Restarting game: fresh board, history cleared.
2025-11-30 14:49:56.296 INFO  com.checkers.ui.ConsoleUI - Game restarted by user (confirmed).
2025-11-30 15:19:59.249 DEBUG com.checkers.logic.GameService - Move WHITE c3 -> d4
2025-11-30 15:19:59.250 DEBUG com.checkers.logic.GameService - Turn ended. Next to move: BLACK
2025-11-30 15:19:59.251 INFO  com.checkers.logic.GameService - Restarting game: fresh board, history cleared.
2025-11-30 15:19:59.251 DEBUG com.checkers.logic.GameService - Undo ignored (historyEmpty=true, gameOver=false)
2025-11-30 15:19:59.255 DEBUG com.checkers.logic.GameService - Move WHITE c3 -> d4
2025-11-30 15:19:59.255 DEBUG com.checkers.logic.GameService - Turn ended. Next to move: BLACK
2025-11-30 15:19:59.256 INFO  com.checkers.logic.GameService - Game flagged as ended by user.
2025-11-30 15:19:59.256 DEBUG com.checkers.logic.GameService - Undo ignored (historyEmpty=false, gameOver=true)
2025-11-30 15:19:59.258 DEBUG com.checkers.logic.GameService - Move WHITE c3 -> d4
2025-11-30 15:19:59.258 DEBUG com.checkers.logic.GameService - Turn ended. Next to move: BLACK
2025-11-30 15:19:59.258 INFO  com.checkers.logic.GameService - Undo applied. Restored turn: WHITE
2025-11-30 15:19:59.259 INFO  com.checkers.logic.GameService - Game flagged as ended by user.
2025-11-30 15:19:59.260 DEBUG com.checkers.logic.GameService - Move WHITE c3 -> d4
2025-11-30 15:19:59.260 DEBUG com.checkers.logic.GameService - Turn ended. Next to move: BLACK
2025-11-30 15:19:59.260 DEBUG com.checkers.logic.GameService - Move BLACK e6 -> d5
2025-11-30 15:19:59.260 DEBUG com.checkers.logic.GameService - Turn ended. Next to move: WHITE
2025-11-30 15:19:59.261 INFO  com.checkers.logic.GameService - Undo applied. Restored turn: BLACK
2025-11-30 15:19:59.261 INFO  com.checkers.logic.GameService - Undo applied. Restored turn: WHITE
2025-11-30 15:19:59.265 DEBUG com.checkers.logic.GameService - Capture WHITE c3 x d4 -> e5
2025-11-30 15:19:59.265 DEBUG com.checkers.logic.GameService - Turn ended. Next to move: BLACK
2025-11-30 15:19:59.265 DEBUG com.checkers.logic.GameService - Move WHITE g7 -> h8
2025-11-30 15:19:59.266 INFO  com.checkers.logic.GameService - Promotion: WHITE crowned at h8
2025-11-30 15:19:59.266 DEBUG com.checkers.logic.GameService - Turn ended. Next to move: BLACK
2025-11-30 15:19:59.267 DEBUG com.checkers.logic.GameService - Move BLACK d6 -> c5
2025-11-30 15:19:59.267 DEBUG com.checkers.logic.GameService - Turn ended. Next to move: WHITE
2025-11-30 15:19:59.267 DEBUG com.checkers.logic.GameService - Move WHITE d4 -> c3
2025-11-30 15:19:59.267 DEBUG com.checkers.logic.GameService - Turn ended. Next to move: BLACK
2025-11-30 15:19:59.268 DEBUG com.checkers.logic.GameService - Illegal: non-king white tried to move backward.
2025-11-30 15:19:59.269 DEBUG com.checkers.logic.GameService - Move WHITE a3 -> b4
2025-11-30 15:19:59.269 DEBUG com.checkers.logic.GameService - Turn ended. Next to move: BLACK
2025-11-30 15:19:59.270 DEBUG com.checkers.logic.GameService - Move WHITE c3 -> d4
2025-11-30 15:19:59.270 DEBUG com.checkers.logic.GameService - Turn ended. Next to move: BLACK
2025-11-30 15:19:59.272 DEBUG com.checkers.logic.GameService - Capture WHITE c3 x d4 -> e5
2025-11-30 15:19:59.272 DEBUG com.checkers.logic.GameService - Capture chain continues for the same piece.
2025-11-30 15:19:59.272 DEBUG com.checkers.logic.GameService - Capture WHITE e5 x f6 -> g7
2025-11-30 15:19:59.273 DEBUG com.checkers.logic.GameService - Turn ended. Next to move: BLACK
2025-11-30 15:20:16.655 DEBUG com.checkers.logic.GameService - Move WHITE c3 -> d4
2025-11-30 15:20:16.656 DEBUG com.checkers.logic.GameService - Turn ended. Next to move: BLACK
2025-11-30 15:20:16.656 INFO  com.checkers.logic.GameService - Restarting game: fresh board, history cleared.
2025-11-30 15:20:16.657 DEBUG com.checkers.logic.GameService - Undo ignored (historyEmpty=true, gameOver=false)
2025-11-30 15:20:16.662 DEBUG com.checkers.logic.GameService - Move WHITE c3 -> d4
2025-11-30 15:20:16.662 DEBUG com.checkers.logic.GameService - Turn ended. Next to move: BLACK
2025-11-30 15:20:16.662 INFO  com.checkers.logic.GameService - Game flagged as ended by user.
2025-11-30 15:20:16.662 DEBUG com.checkers.logic.GameService - Undo ignored (historyEmpty=false, gameOver=true)
2025-11-30 15:20:16.663 DEBUG com.checkers.logic.GameService - Move WHITE c3 -> d4
2025-11-30 15:20:16.663 DEBUG com.checkers.logic.GameService - Turn ended. Next to move: BLACK
2025-11-30 15:20:16.664 INFO  com.checkers.logic.GameService - Undo applied. Restored turn: WHITE
2025-11-30 15:20:16.665 INFO  com.checkers.logic.GameService - Game flagged as ended by user.
2025-11-30 15:20:16.667 DEBUG com.checkers.logic.GameService - Move WHITE c3 -> d4
2025-11-30 15:20:16.667 DEBUG com.checkers.logic.GameService - Turn ended. Next to move: BLACK
2025-11-30 15:20:16.667 DEBUG com.checkers.logic.GameService - Move BLACK e6 -> d5
2025-11-30 15:20:16.667 DEBUG com.checkers.logic.GameService - Turn ended. Next to move: WHITE
2025-11-30 15:20:16.667 INFO  com.checkers.logic.GameService - Undo applied. Restored turn: BLACK
2025-11-30 15:20:16.667 INFO  com.checkers.logic.GameService - Undo applied. Restored turn: WHITE
2025-11-30 15:20:16.672 DEBUG com.checkers.logic.GameService - Capture WHITE c3 x d4 -> e5
2025-11-30 15:20:16.673 DEBUG com.checkers.logic.GameService - Turn ended. Next to move: BLACK
2025-11-30 15:20:16.673 DEBUG com.checkers.logic.GameService - Move WHITE g7 -> h8
2025-11-30 15:20:16.674 INFO  com.checkers.logic.GameService - Promotion: WHITE crowned at h8
2025-11-30 15:20:16.674 DEBUG com.checkers.logic.GameService - Turn ended. Next to move: BLACK
2025-11-30 15:20:16.674 DEBUG com.checkers.logic.GameService - Move BLACK d6 -> c5
2025-11-30 15:20:16.675 DEBUG com.checkers.logic.GameService - Turn ended. Next to move: WHITE
2025-11-30 15:20:16.675 DEBUG com.checkers.logic.GameService - Move WHITE d4 -> c3
2025-11-30 15:20:16.675 DEBUG com.checkers.logic.GameService - Turn ended. Next to move: BLACK
2025-11-30 15:20:16.676 DEBUG com.checkers.logic.GameService - Illegal: non-king white tried to move backward.
2025-11-30 15:20:16.677 DEBUG com.checkers.logic.GameService - Move WHITE a3 -> b4
2025-11-30 15:20:16.677 DEBUG com.checkers.logic.GameService - Turn ended. Next to move: BLACK
2025-11-30 15:20:16.679 DEBUG com.checkers.logic.GameService - Move WHITE c3 -> d4
2025-11-30 15:20:16.679 DEBUG com.checkers.logic.GameService - Turn ended. Next to move: BLACK
2025-11-30 15:20:16.680 DEBUG com.checkers.logic.GameService - Capture WHITE c3 x d4 -> e5
2025-11-30 15:20:16.681 DEBUG com.checkers.logic.GameService - Capture chain continues for the same piece.
2025-11-30 15:20:16.681 DEBUG com.checkers.logic.GameService - Capture WHITE e5 x f6 -> g7
2025-11-30 15:20:16.681 DEBUG com.checkers.logic.GameService - Turn ended. Next to move: BLACK
2025-11-30 15:20:20.604 DEBUG com.checkers.logic.GameService - Move WHITE c3 -> d4
2025-11-30 15:20:20.605 DEBUG com.checkers.logic.GameService - Turn ended. Next to move: BLACK
2025-11-30 15:20:20.605 INFO  com.checkers.logic.GameService - Restarting game: fresh board, history cleared.
2025-11-30 15:20:20.606 DEBUG com.checkers.logic.GameService - Undo ignored (historyEmpty=true, gameOver=false)
2025-11-30 15:20:20.610 DEBUG com.checkers.logic.GameService - Move WHITE c3 -> d4
2025-11-30 15:20:20.610 DEBUG com.checkers.logic.GameService - Turn ended. Next to move: BLACK
2025-11-30 15:20:20.610 INFO  com.checkers.logic.GameService - Game flagged as ended by user.
2025-11-30 15:20:20.610 DEBUG com.checkers.logic.GameService - Undo ignored (historyEmpty=false, gameOver=true)
2025-11-30 15:20:20.611 DEBUG com.checkers.logic.GameService - Move WHITE c3 -> d4
2025-11-30 15:20:20.611 DEBUG com.checkers.logic.GameService - Turn ended. Next to move: BLACK
2025-11-30 15:20:20.612 INFO  com.checkers.logic.GameService - Undo applied. Restored turn: WHITE
2025-11-30 15:20:20.613 INFO  com.checkers.logic.GameService - Game flagged as ended by user.
2025-11-30 15:20:20.614 DEBUG com.checkers.logic.GameService - Move WHITE c3 -> d4
2025-11-30 15:20:20.614 DEBUG com.checkers.logic.GameService - Turn ended. Next to move: BLACK
2025-11-30 15:20:20.614 DEBUG com.checkers.logic.GameService - Move BLACK e6 -> d5
2025-11-30 15:20:20.614 DEBUG com.checkers.logic.GameService - Turn ended. Next to move: WHITE
2025-11-30 15:20:20.614 INFO  com.checkers.logic.GameService - Undo applied. Restored turn: BLACK
2025-11-30 15:20:20.614 INFO  com.checkers.logic.GameService - Undo applied. Restored turn: WHITE
2025-11-30 15:20:20.620 DEBUG com.checkers.logic.GameService - Capture WHITE c3 x d4 -> e5
2025-11-30 15:20:20.620 DEBUG com.checkers.logic.GameService - Turn ended. Next to move: BLACK
2025-11-30 15:20:20.620 DEBUG com.checkers.logic.GameService - Move WHITE g7 -> h8
2025-11-30 15:20:20.621 INFO  com.checkers.logic.GameService - Promotion: WHITE crowned at h8
2025-11-30 15:20:20.621 DEBUG com.checkers.logic.GameService - Turn ended. Next to move: BLACK
2025-11-30 15:20:20.621 DEBUG com.checkers.logic.GameService - Move BLACK d6 -> c5
2025-11-30 15:20:20.621 DEBUG com.checkers.logic.GameService - Turn ended. Next to move: WHITE
2025-11-30 15:20:20.622 DEBUG com.checkers.logic.GameService - Move WHITE d4 -> c3
2025-11-30 15:20:20.622 DEBUG com.checkers.logic.GameService - Turn ended. Next to move: BLACK
2025-11-30 15:20:20.623 DEBUG com.checkers.logic.GameService - Illegal: non-king white tried to move backward.
2025-11-30 15:20:20.624 DEBUG com.checkers.logic.GameService - Move WHITE a3 -> b4
2025-11-30 15:20:20.624 DEBUG com.checkers.logic.GameService - Turn ended. Next to move: BLACK
2025-11-30 15:20:20.625 DEBUG com.checkers.logic.GameService - Move WHITE c3 -> d4
2025-11-30 15:20:20.625 DEBUG com.checkers.logic.GameService - Turn ended. Next to move: BLACK
2025-11-30 15:20:20.626 DEBUG com.checkers.logic.GameService - Capture WHITE c3 x d4 -> e5
2025-11-30 15:20:20.626 DEBUG com.checkers.logic.GameService - Capture chain continues for the same piece.
2025-11-30 15:20:20.626 DEBUG com.checkers.logic.GameService - Capture WHITE e5 x f6 -> g7
2025-11-30 15:20:20.626 DEBUG com.checkers.logic.GameService - Turn ended. Next to move: BLACK
2025-11-30 15:22:36.992 DEBUG com.checkers.logic.GameService - Move WHITE c3 -> d4
2025-11-30 15:22:36.993 DEBUG com.checkers.logic.GameService - Turn ended. Next to move: BLACK
2025-11-30 15:22:36.993 INFO  com.checkers.logic.GameService - Restarting game: fresh board, history cleared.
2025-11-30 15:22:36.994 DEBUG com.checkers.logic.GameService - Undo ignored (historyEmpty=true, gameOver=false)
2025-11-30 15:22:36.999 DEBUG com.checkers.logic.GameService - Move WHITE c3 -> d4
2025-11-30 15:22:37.000 DEBUG com.checkers.logic.GameService - Turn ended. Next to move: BLACK
2025-11-30 15:22:37.000 INFO  com.checkers.logic.GameService - Game flagged as ended by user.
2025-11-30 15:22:37.000 DEBUG com.checkers.logic.GameService - Undo ignored (historyEmpty=false, gameOver=true)
2025-11-30 15:22:37.002 DEBUG com.checkers.logic.GameService - Move WHITE c3 -> d4
2025-11-30 15:22:37.002 DEBUG com.checkers.logic.GameService - Turn ended. Next to move: BLACK
2025-11-30 15:22:37.002 INFO  com.checkers.logic.GameService - Undo applied. Restored turn: WHITE
2025-11-30 15:22:37.004 INFO  com.checkers.logic.GameService - Game flagged as ended by user.
2025-11-30 15:22:37.005 DEBUG com.checkers.logic.GameService - Move WHITE c3 -> d4
2025-11-30 15:22:37.005 DEBUG com.checkers.logic.GameService - Turn ended. Next to move: BLACK
2025-11-30 15:22:37.005 DEBUG com.checkers.logic.GameService - Move BLACK e6 -> d5
2025-11-30 15:22:37.005 DEBUG com.checkers.logic.GameService - Turn ended. Next to move: WHITE
2025-11-30 15:22:37.005 INFO  com.checkers.logic.GameService - Undo applied. Restored turn: BLACK
2025-11-30 15:22:37.005 INFO  com.checkers.logic.GameService - Undo applied. Restored turn: WHITE
2025-11-30 15:22:37.010 DEBUG com.checkers.logic.GameService - Capture WHITE c3 x d4 -> e5
2025-11-30 15:22:37.010 DEBUG com.checkers.logic.GameService - Turn ended. Next to move: BLACK
2025-11-30 15:22:37.011 DEBUG com.checkers.logic.GameService - Move WHITE g7 -> h8
2025-11-30 15:22:37.011 INFO  com.checkers.logic.GameService - Promotion: WHITE crowned at h8
2025-11-30 15:22:37.011 DEBUG com.checkers.logic.GameService - Turn ended. Next to move: BLACK
2025-11-30 15:22:37.012 DEBUG com.checkers.logic.GameService - Move BLACK d6 -> c5
2025-11-30 15:22:37.012 DEBUG com.checkers.logic.GameService - Turn ended. Next to move: WHITE
2025-11-30 15:22:37.013 DEBUG com.checkers.logic.GameService - Move WHITE d4 -> c3
2025-11-30 15:22:37.013 DEBUG com.checkers.logic.GameService - Turn ended. Next to move: BLACK
2025-11-30 15:22:37.014 DEBUG com.checkers.logic.GameService - Illegal: non-king white tried to move backward.
2025-11-30 15:22:37.015 DEBUG com.checkers.logic.GameService - Move WHITE a3 -> b4
2025-11-30 15:22:37.015 DEBUG com.checkers.logic.GameService - Turn ended. Next to move: BLACK
2025-11-30 15:22:37.016 DEBUG com.checkers.logic.GameService - Move WHITE c3 -> d4
2025-11-30 15:22:37.017 DEBUG com.checkers.logic.GameService - Turn ended. Next to move: BLACK
2025-11-30 15:22:37.018 DEBUG com.checkers.logic.GameService - Capture WHITE c3 x d4 -> e5
2025-11-30 15:22:37.018 DEBUG com.checkers.logic.GameService - Capture chain continues for the same piece.
2025-11-30 15:22:37.018 DEBUG com.checkers.logic.GameService - Capture WHITE e5 x f6 -> g7
2025-11-30 15:22:37.018 DEBUG com.checkers.logic.GameService - Turn ended. Next to move: BLACK
2025-11-30 15:24:58.606 DEBUG com.checkers.logic.GameService - Move WHITE c3 -> d4
2025-11-30 15:24:58.608 DEBUG com.checkers.logic.GameService - Turn ended. Next to move: BLACK
2025-11-30 15:24:58.608 INFO  com.checkers.logic.GameService - Restarting game: fresh board, history cleared.
2025-11-30 15:24:58.609 DEBUG com.checkers.logic.GameService - Undo ignored (historyEmpty=true, gameOver=false)
2025-11-30 15:24:58.613 DEBUG com.checkers.logic.GameService - Move WHITE c3 -> d4
2025-11-30 15:24:58.613 DEBUG com.checkers.logic.GameService - Turn ended. Next to move: BLACK
2025-11-30 15:24:58.613 INFO  com.checkers.logic.GameService - Game flagged as ended by user.
2025-11-30 15:24:58.613 DEBUG com.checkers.logic.GameService - Undo ignored (historyEmpty=false, gameOver=true)
2025-11-30 15:24:58.615 DEBUG com.checkers.logic.GameService - Move WHITE c3 -> d4
2025-11-30 15:24:58.615 DEBUG com.checkers.logic.GameService - Turn ended. Next to move: BLACK
2025-11-30 15:24:58.615 INFO  com.checkers.logic.GameService - Undo applied. Restored turn: WHITE
2025-11-30 15:24:58.616 INFO  com.checkers.logic.GameService - Game flagged as ended by user.
2025-11-30 15:24:58.617 DEBUG com.checkers.logic.GameService - Move WHITE c3 -> d4
2025-11-30 15:24:58.617 DEBUG com.checkers.logic.GameService - Turn ended. Next to move: BLACK
2025-11-30 15:24:58.618 DEBUG com.checkers.logic.GameService - Move BLACK e6 -> d5
2025-11-30 15:24:58.618 DEBUG com.checkers.logic.GameService - Turn ended. Next to move: WHITE
2025-11-30 15:24:58.618 INFO  com.checkers.logic.GameService - Undo applied. Restored turn: BLACK
2025-11-30 15:24:58.618 INFO  com.checkers.logic.GameService - Undo applied. Restored turn: WHITE
2025-11-30 15:24:58.622 DEBUG com.checkers.logic.GameService - Capture WHITE c3 x d4 -> e5
2025-11-30 15:24:58.622 DEBUG com.checkers.logic.GameService - Turn ended. Next to move: BLACK
2025-11-30 15:24:58.623 DEBUG com.checkers.logic.GameService - Move WHITE g7 -> h8
2025-11-30 15:24:58.623 INFO  com.checkers.logic.GameService - Promotion: WHITE crowned at h8
2025-11-30 15:24:58.623 DEBUG com.checkers.logic.GameService - Turn ended. Next to move: BLACK
2025-11-30 15:24:58.624 DEBUG com.checkers.logic.GameService - Move BLACK d6 -> c5
2025-11-30 15:24:58.624 DEBUG com.checkers.logic.GameService - Turn ended. Next to move: WHITE
2025-11-30 15:24:58.625 DEBUG com.checkers.logic.GameService - Move WHITE d4 -> c3
2025-11-30 15:24:58.625 DEBUG com.checkers.logic.GameService - Turn ended. Next to move: BLACK
2025-11-30 15:24:58.626 DEBUG com.checkers.logic.GameService - Illegal: non-king white tried to move backward.
2025-11-30 15:24:58.627 DEBUG com.checkers.logic.GameService - Move WHITE a3 -> b4
2025-11-30 15:24:58.627 DEBUG com.checkers.logic.GameService - Turn ended. Next to move: BLACK
2025-11-30 15:24:58.628 DEBUG com.checkers.logic.GameService - Move WHITE c3 -> d4
2025-11-30 15:24:58.628 DEBUG com.checkers.logic.GameService - Turn ended. Next to move: BLACK
2025-11-30 15:24:58.629 DEBUG com.checkers.logic.GameService - Capture WHITE c3 x d4 -> e5
2025-11-30 15:24:58.629 DEBUG com.checkers.logic.GameService - Capture chain continues for the same piece.
2025-11-30 15:24:58.629 DEBUG com.checkers.logic.GameService - Capture WHITE e5 x f6 -> g7
2025-11-30 15:24:58.629 DEBUG com.checkers.logic.GameService - Turn ended. Next to move: BLACK
2025-11-30 15:25:37.911 DEBUG com.checkers.logic.GameService - Move WHITE c3 -> d4
2025-11-30 15:25:37.913 DEBUG com.checkers.logic.GameService - Turn ended. Next to move: BLACK
2025-11-30 15:25:37.913 INFO  com.checkers.logic.GameService - Restarting game: fresh board, history cleared.
2025-11-30 15:25:37.913 DEBUG com.checkers.logic.GameService - Undo ignored (historyEmpty=true, gameOver=false)
2025-11-30 15:25:37.917 DEBUG com.checkers.logic.GameService - Move WHITE c3 -> d4
2025-11-30 15:25:37.917 DEBUG com.checkers.logic.GameService - Turn ended. Next to move: BLACK
2025-11-30 15:25:37.917 INFO  com.checkers.logic.GameService - Game flagged as ended by user.
2025-11-30 15:25:37.918 DEBUG com.checkers.logic.GameService - Undo ignored (historyEmpty=false, gameOver=true)
2025-11-30 15:25:37.919 DEBUG com.checkers.logic.GameService - Move WHITE c3 -> d4
2025-11-30 15:25:37.920 DEBUG com.checkers.logic.GameService - Turn ended. Next to move: BLACK
2025-11-30 15:25:37.920 INFO  com.checkers.logic.GameService - Undo applied. Restored turn: WHITE
2025-11-30 15:25:37.921 INFO  com.checkers.logic.GameService - Game flagged as ended by user.
2025-11-30 15:25:37.923 DEBUG com.checkers.logic.GameService - Move WHITE c3 -> d4
2025-11-30 15:25:37.923 DEBUG com.checkers.logic.GameService - Turn ended. Next to move: BLACK
2025-11-30 15:25:37.923 DEBUG com.checkers.logic.GameService - Move BLACK e6 -> d5
2025-11-30 15:25:37.923 DEBUG com.checkers.logic.GameService - Turn ended. Next to move: WHITE
2025-11-30 15:25:37.924 INFO  com.checkers.logic.GameService - Undo applied. Restored turn: BLACK
2025-11-30 15:25:37.924 INFO  com.checkers.logic.GameService - Undo applied. Restored turn: WHITE
2025-11-30 15:25:37.928 DEBUG com.checkers.logic.GameService - Capture WHITE c3 x d4 -> e5
2025-11-30 15:25:37.928 DEBUG com.checkers.logic.GameService - Turn ended. Next to move: BLACK
2025-11-30 15:25:37.928 DEBUG com.checkers.logic.GameService - Move WHITE g7 -> h8
2025-11-30 15:25:37.929 INFO  com.checkers.logic.GameService - Promotion: WHITE crowned at h8
2025-11-30 15:25:37.929 DEBUG com.checkers.logic.GameService - Turn ended. Next to move: BLACK
2025-11-30 15:25:37.930 DEBUG com.checkers.logic.GameService - Move BLACK d6 -> c5
2025-11-30 15:25:37.930 DEBUG com.checkers.logic.GameService - Turn ended. Next to move: WHITE
2025-11-30 15:25:37.931 DEBUG com.checkers.logic.GameService - Move WHITE d4 -> c3
2025-11-30 15:25:37.931 DEBUG com.checkers.logic.GameService - Turn ended. Next to move: BLACK
2025-11-30 15:25:37.932 DEBUG com.checkers.logic.GameService - Illegal: non-king white tried to move backward.
2025-11-30 15:25:37.932 DEBUG com.checkers.logic.GameService - Move WHITE a3 -> b4
2025-11-30 15:25:37.932 DEBUG com.checkers.logic.GameService - Turn ended. Next to move: BLACK
2025-11-30 15:25:37.934 DEBUG com.checkers.logic.GameService - Move WHITE c3 -> d4
2025-11-30 15:25:37.934 DEBUG com.checkers.logic.GameService - Turn ended. Next to move: BLACK
2025-11-30 15:25:37.935 DEBUG com.checkers.logic.GameService - Capture WHITE c3 x d4 -> e5
2025-11-30 15:25:37.935 DEBUG com.checkers.logic.GameService - Capture chain continues for the same piece.
2025-11-30 15:25:37.935 DEBUG com.checkers.logic.GameService - Capture WHITE e5 x f6 -> g7
2025-11-30 15:25:37.935 DEBUG com.checkers.logic.GameService - Turn ended. Next to move: BLACK
2025-11-30 15:26:12.116 DEBUG com.checkers.logic.GameService - Move WHITE c3 -> d4
2025-11-30 15:26:12.117 DEBUG com.checkers.logic.GameService - Turn ended. Next to move: BLACK
2025-11-30 15:26:12.117 INFO  com.checkers.logic.GameService - Restarting game: fresh board, history cleared.
2025-11-30 15:26:12.118 DEBUG com.checkers.logic.GameService - Undo ignored (historyEmpty=true, gameOver=false)
2025-11-30 15:26:12.122 DEBUG com.checkers.logic.GameService - Move WHITE c3 -> d4
2025-11-30 15:26:12.122 DEBUG com.checkers.logic.GameService - Turn ended. Next to move: BLACK
2025-11-30 15:26:12.122 INFO  com.checkers.logic.GameService - Game flagged as ended by user.
2025-11-30 15:26:12.122 DEBUG com.checkers.logic.GameService - Undo ignored (historyEmpty=false, gameOver=true)
2025-11-30 15:26:12.123 DEBUG com.checkers.logic.GameService - Move WHITE c3 -> d4
2025-11-30 15:26:12.123 DEBUG com.checkers.logic.GameService - Turn ended. Next to move: BLACK
2025-11-30 15:26:12.123 INFO  com.checkers.logic.GameService - Undo applied. Restored turn: WHITE
2025-11-30 15:26:12.124 INFO  com.checkers.logic.GameService - Game flagged as ended by user.
2025-11-30 15:26:12.125 DEBUG com.checkers.logic.GameService - Move WHITE c3 -> d4
2025-11-30 15:26:12.125 DEBUG com.checkers.logic.GameService - Turn ended. Next to move: BLACK
2025-11-30 15:26:12.125 DEBUG com.checkers.logic.GameService - Move BLACK e6 -> d5
2025-11-30 15:26:12.125 DEBUG com.checkers.logic.GameService - Turn ended. Next to move: WHITE
2025-11-30 15:26:12.125 INFO  com.checkers.logic.GameService - Undo applied. Restored turn: BLACK
2025-11-30 15:26:12.126 INFO  com.checkers.logic.GameService - Undo applied. Restored turn: WHITE
2025-11-30 15:26:12.130 DEBUG com.checkers.logic.GameService - Capture WHITE c3 x d4 -> e5
2025-11-30 15:26:12.130 DEBUG com.checkers.logic.GameService - Turn ended. Next to move: BLACK
2025-11-30 15:26:12.131 DEBUG com.checkers.logic.GameService - Move WHITE g7 -> h8
2025-11-30 15:26:12.131 INFO  com.checkers.logic.GameService - Promotion: WHITE crowned at h8
2025-11-30 15:26:12.131 DEBUG com.checkers.logic.GameService - Turn ended. Next to move: BLACK
2025-11-30 15:26:12.132 DEBUG com.checkers.logic.GameService - Move BLACK d6 -> c5
2025-11-30 15:26:12.132 DEBUG com.checkers.logic.GameService - Turn ended. Next to move: WHITE
2025-11-30 15:26:12.133 DEBUG com.checkers.logic.GameService - Move WHITE d4 -> c3
2025-11-30 15:26:12.133 DEBUG com.checkers.logic.GameService - Turn ended. Next to move: BLACK
2025-11-30 15:26:12.134 DEBUG com.checkers.logic.GameService - Illegal: non-king white tried to move backward.
2025-11-30 15:26:12.135 DEBUG com.checkers.logic.GameService - Move WHITE a3 -> b4
2025-11-30 15:26:12.135 DEBUG com.checkers.logic.GameService - Turn ended. Next to move: BLACK
2025-11-30 15:26:12.137 DEBUG com.checkers.logic.GameService - Move WHITE c3 -> d4
2025-11-30 15:26:12.137 DEBUG com.checkers.logic.GameService - Turn ended. Next to move: BLACK
2025-11-30 15:26:12.138 DEBUG com.checkers.logic.GameService - Capture WHITE c3 x d4 -> e5
2025-11-30 15:26:12.138 DEBUG com.checkers.logic.GameService - Capture chain continues for the same piece.
2025-11-30 15:26:12.138 DEBUG com.checkers.logic.GameService - Capture WHITE e5 x f6 -> g7
2025-11-30 15:26:12.138 DEBUG com.checkers.logic.GameService - Turn ended. Next to move: BLACK
2025-11-30 15:26:46.047 DEBUG com.checkers.logic.GameService - Move WHITE c3 -> d4
2025-11-30 15:26:46.049 DEBUG com.checkers.logic.GameService - Turn ended. Next to move: BLACK
2025-11-30 15:26:46.049 INFO  com.checkers.logic.GameService - Restarting game: fresh board, history cleared.
2025-11-30 15:26:46.050 DEBUG com.checkers.logic.GameService - Undo ignored (historyEmpty=true, gameOver=false)
2025-11-30 15:26:46.054 DEBUG com.checkers.logic.GameService - Move WHITE c3 -> d4
2025-11-30 15:26:46.054 DEBUG com.checkers.logic.GameService - Turn ended. Next to move: BLACK
2025-11-30 15:26:46.054 INFO  com.checkers.logic.GameService - Game flagged as ended by user.
2025-11-30 15:26:46.054 DEBUG com.checkers.logic.GameService - Undo ignored (historyEmpty=false, gameOver=true)
2025-11-30 15:26:46.055 DEBUG com.checkers.logic.GameService - Move WHITE c3 -> d4
2025-11-30 15:26:46.055 DEBUG com.checkers.logic.GameService - Turn ended. Next to move: BLACK
2025-11-30 15:26:46.055 INFO  com.checkers.logic.GameService - Undo applied. Restored turn: WHITE
2025-11-30 15:26:46.056 INFO  com.checkers.logic.GameService - Game flagged as ended by user.
2025-11-30 15:26:46.057 DEBUG com.checkers.logic.GameService - Move WHITE c3 -> d4
2025-11-30 15:26:46.057 DEBUG com.checkers.logic.GameService - Turn ended. Next to move: BLACK
2025-11-30 15:26:46.057 DEBUG com.checkers.logic.GameService - Move BLACK e6 -> d5
2025-11-30 15:26:46.057 DEBUG com.checkers.logic.GameService - Turn ended. Next to move: WHITE
2025-11-30 15:26:46.057 INFO  com.checkers.logic.GameService - Undo applied. Restored turn: BLACK
2025-11-30 15:26:46.057 INFO  com.checkers.logic.GameService - Undo applied. Restored turn: WHITE
2025-11-30 15:26:46.061 DEBUG com.checkers.logic.GameService - Capture WHITE c3 x d4 -> e5
2025-11-30 15:26:46.062 DEBUG com.checkers.logic.GameService - Turn ended. Next to move: BLACK
2025-11-30 15:26:46.062 DEBUG com.checkers.logic.GameService - Move WHITE g7 -> h8
2025-11-30 15:26:46.063 INFO  com.checkers.logic.GameService - Promotion: WHITE crowned at h8
2025-11-30 15:26:46.063 DEBUG com.checkers.logic.GameService - Turn ended. Next to move: BLACK
2025-11-30 15:26:46.063 DEBUG com.checkers.logic.GameService - Move BLACK d6 -> c5
2025-11-30 15:26:46.064 DEBUG com.checkers.logic.GameService - Turn ended. Next to move: WHITE
2025-11-30 15:26:46.064 DEBUG com.checkers.logic.GameService - Move WHITE d4 -> c3
2025-11-30 15:26:46.064 DEBUG com.checkers.logic.GameService - Turn ended. Next to move: BLACK
2025-11-30 15:26:46.065 DEBUG com.checkers.logic.GameService - Illegal: non-king white tried to move backward.
2025-11-30 15:26:46.066 DEBUG com.checkers.logic.GameService - Move WHITE a3 -> b4
2025-11-30 15:26:46.066 DEBUG com.checkers.logic.GameService - Turn ended. Next to move: BLACK
2025-11-30 15:26:46.067 DEBUG com.checkers.logic.GameService - Move WHITE c3 -> d4
2025-11-30 15:26:46.067 DEBUG com.checkers.logic.GameService - Turn ended. Next to move: BLACK
2025-11-30 15:26:46.068 DEBUG com.checkers.logic.GameService - Capture WHITE c3 x d4 -> e5
2025-11-30 15:26:46.068 DEBUG com.checkers.logic.GameService - Capture chain continues for the same piece.
2025-11-30 15:26:46.068 DEBUG com.checkers.logic.GameService - Capture WHITE e5 x f6 -> g7
2025-11-30 15:26:46.068 DEBUG com.checkers.logic.GameService - Turn ended. Next to move: BLACK
2025-11-30 15:27:15.955 DEBUG com.checkers.logic.GameService - Move WHITE c3 -> d4
2025-11-30 15:27:15.957 DEBUG com.checkers.logic.GameService - Turn ended. Next to move: BLACK
2025-11-30 15:27:15.957 INFO  com.checkers.logic.GameService - Restarting game: fresh board, history cleared.
2025-11-30 15:27:15.959 DEBUG com.checkers.logic.GameService - Undo ignored (historyEmpty=true, gameOver=false)
2025-11-30 15:27:15.969 DEBUG com.checkers.logic.GameService - Move WHITE c3 -> d4
2025-11-30 15:27:15.969 DEBUG com.checkers.logic.GameService - Turn ended. Next to move: BLACK
2025-11-30 15:27:15.969 INFO  com.checkers.logic.GameService - Game flagged as ended by user.
2025-11-30 15:27:15.971 DEBUG com.checkers.logic.GameService - Undo ignored (historyEmpty=false, gameOver=true)
2025-11-30 15:27:15.972 DEBUG com.checkers.logic.GameService - Move WHITE c3 -> d4
2025-11-30 15:27:15.972 DEBUG com.checkers.logic.GameService - Turn ended. Next to move: BLACK
2025-11-30 15:27:15.973 INFO  com.checkers.logic.GameService - Undo applied. Restored turn: WHITE
2025-11-30 15:27:15.974 INFO  com.checkers.logic.GameService - Game flagged as ended by user.
2025-11-30 15:27:15.975 DEBUG com.checkers.logic.GameService - Move WHITE c3 -> d4
2025-11-30 15:27:15.975 DEBUG com.checkers.logic.GameService - Turn ended. Next to move: BLACK
2025-11-30 15:27:15.975 DEBUG com.checkers.logic.GameService - Move BLACK e6 -> d5
2025-11-30 15:27:15.975 DEBUG com.checkers.logic.GameService - Turn ended. Next to move: WHITE
2025-11-30 15:27:15.975 INFO  com.checkers.logic.GameService - Undo applied. Restored turn: BLACK
2025-11-30 15:27:15.975 INFO  com.checkers.logic.GameService - Undo applied. Restored turn: WHITE
2025-11-30 15:27:15.984 DEBUG com.checkers.logic.GameService - Capture WHITE c3 x d4 -> e5
2025-11-30 15:27:15.984 DEBUG com.checkers.logic.GameService - Turn ended. Next to move: BLACK
2025-11-30 15:27:15.986 DEBUG com.checkers.logic.GameService - Move WHITE g7 -> h8
2025-11-30 15:27:15.986 INFO  com.checkers.logic.GameService - Promotion: WHITE crowned at h8
2025-11-30 15:27:15.986 DEBUG com.checkers.logic.GameService - Turn ended. Next to move: BLACK
2025-11-30 15:27:15.987 DEBUG com.checkers.logic.GameService - Move BLACK d6 -> c5
2025-11-30 15:27:15.987 DEBUG com.checkers.logic.GameService - Turn ended. Next to move: WHITE
2025-11-30 15:27:15.991 DEBUG com.checkers.logic.GameService - Move WHITE d4 -> c3
2025-11-30 15:27:15.991 DEBUG com.checkers.logic.GameService - Turn ended. Next to move: BLACK
2025-11-30 15:27:15.994 DEBUG com.checkers.logic.GameService - Illegal: non-king white tried to move backward.
2025-11-30 15:27:15.995 DEBUG com.checkers.logic.GameService - Move WHITE a3 -> b4
2025-11-30 15:27:15.995 DEBUG com.checkers.logic.GameService - Turn ended. Next to move: BLACK
2025-11-30 15:27:15.998 DEBUG com.checkers.logic.GameService - Move WHITE c3 -> d4
2025-11-30 15:27:15.999 DEBUG com.checkers.logic.GameService - Turn ended. Next to move: BLACK
2025-11-30 15:27:16.001 DEBUG com.checkers.logic.GameService - Capture WHITE c3 x d4 -> e5
2025-11-30 15:27:16.001 DEBUG com.checkers.logic.GameService - Capture chain continues for the same piece.
2025-11-30 15:27:16.001 DEBUG com.checkers.logic.GameService - Capture WHITE e5 x f6 -> g7
2025-11-30 15:27:16.003 DEBUG com.checkers.logic.GameService - Turn ended. Next to move: BLACK
2025-11-30 15:27:16.673 DEBUG com.checkers.logic.GameService - Move WHITE c3 -> d4
2025-11-30 15:27:16.675 DEBUG com.checkers.logic.GameService - Turn ended. Next to move: BLACK
2025-11-30 15:27:16.675 INFO  com.checkers.logic.GameService - Restarting game: fresh board, history cleared.
2025-11-30 15:27:16.676 DEBUG com.checkers.logic.GameService - Undo ignored (historyEmpty=true, gameOver=false)
2025-11-30 15:27:16.682 DEBUG com.checkers.logic.GameService - Move WHITE c3 -> d4
2025-11-30 15:27:16.683 DEBUG com.checkers.logic.GameService - Turn ended. Next to move: BLACK
2025-11-30 15:27:16.683 INFO  com.checkers.logic.GameService - Game flagged as ended by user.
2025-11-30 15:27:16.683 DEBUG com.checkers.logic.GameService - Undo ignored (historyEmpty=false, gameOver=true)
2025-11-30 15:27:16.684 DEBUG com.checkers.logic.GameService - Move WHITE c3 -> d4
2025-11-30 15:27:16.684 DEBUG com.checkers.logic.GameService - Turn ended. Next to move: BLACK
2025-11-30 15:27:16.685 INFO  com.checkers.logic.GameService - Undo applied. Restored turn: WHITE
2025-11-30 15:27:16.686 INFO  com.checkers.logic.GameService - Game flagged as ended by user.
2025-11-30 15:27:16.687 DEBUG com.checkers.logic.GameService - Move WHITE c3 -> d4
2025-11-30 15:27:16.687 DEBUG com.checkers.logic.GameService - Turn ended. Next to move: BLACK
2025-11-30 15:27:16.687 DEBUG com.checkers.logic.GameService - Move BLACK e6 -> d5
2025-11-30 15:27:16.688 DEBUG com.checkers.logic.GameService - Turn ended. Next to move: WHITE
2025-11-30 15:27:16.688 INFO  com.checkers.logic.GameService - Undo applied. Restored turn: BLACK
2025-11-30 15:27:16.688 INFO  com.checkers.logic.GameService - Undo applied. Restored turn: WHITE
2025-11-30 15:27:16.692 DEBUG com.checkers.logic.GameService - Capture WHITE c3 x d4 -> e5
2025-11-30 15:27:16.693 DEBUG com.checkers.logic.GameService - Turn ended. Next to move: BLACK
2025-11-30 15:27:16.694 DEBUG com.checkers.logic.GameService - Move WHITE g7 -> h8
2025-11-30 15:27:16.694 INFO  com.checkers.logic.GameService - Promotion: WHITE crowned at h8
2025-11-30 15:27:16.694 DEBUG com.checkers.logic.GameService - Turn ended. Next to move: BLACK
2025-11-30 15:27:16.696 DEBUG com.checkers.logic.GameService - Move BLACK d6 -> c5
2025-11-30 15:27:16.696 DEBUG com.checkers.logic.GameService - Turn ended. Next to move: WHITE
2025-11-30 15:27:16.696 DEBUG com.checkers.logic.GameService - Move WHITE d4 -> c3
2025-11-30 15:27:16.696 DEBUG com.checkers.logic.GameService - Turn ended. Next to move: BLACK
2025-11-30 15:27:16.699 DEBUG com.checkers.logic.GameService - Illegal: non-king white tried to move backward.
2025-11-30 15:27:16.700 DEBUG com.checkers.logic.GameService - Move WHITE a3 -> b4
2025-11-30 15:27:16.700 DEBUG com.checkers.logic.GameService - Turn ended. Next to move: BLACK
2025-11-30 15:27:16.701 DEBUG com.checkers.logic.GameService - Move WHITE c3 -> d4
2025-11-30 15:27:16.701 DEBUG com.checkers.logic.GameService - Turn ended. Next to move: BLACK
2025-11-30 15:27:16.702 DEBUG com.checkers.logic.GameService - Capture WHITE c3 x d4 -> e5
2025-11-30 15:27:16.702 DEBUG com.checkers.logic.GameService - Capture chain continues for the same piece.
2025-11-30 15:27:16.702 DEBUG com.checkers.logic.GameService - Capture WHITE e5 x f6 -> g7
2025-11-30 15:27:16.702 DEBUG com.checkers.logic.GameService - Turn ended. Next to move: BLACK
2025-11-30 15:27:36.518 DEBUG com.checkers.logic.GameService - Move WHITE c3 -> d4
2025-11-30 15:27:36.519 DEBUG com.checkers.logic.GameService - Turn ended. Next to move: BLACK
2025-11-30 15:27:36.519 INFO  com.checkers.logic.GameService - Restarting game: fresh board, history cleared.
2025-11-30 15:27:36.520 DEBUG com.checkers.logic.GameService - Undo ignored (historyEmpty=true, gameOver=false)
2025-11-30 15:27:36.524 DEBUG com.checkers.logic.GameService - Move WHITE c3 -> d4
2025-11-30 15:27:36.525 DEBUG com.checkers.logic.GameService - Turn ended. Next to move: BLACK
2025-11-30 15:27:36.525 INFO  com.checkers.logic.GameService - Game flagged as ended by user.
2025-11-30 15:27:36.525 DEBUG com.checkers.logic.GameService - Undo ignored (historyEmpty=false, gameOver=true)
2025-11-30 15:27:36.527 DEBUG com.checkers.logic.GameService - Move WHITE c3 -> d4
2025-11-30 15:27:36.527 DEBUG com.checkers.logic.GameService - Turn ended. Next to move: BLACK
2025-11-30 15:27:36.527 INFO  com.checkers.logic.GameService - Undo applied. Restored turn: WHITE
2025-11-30 15:27:36.528 INFO  com.checkers.logic.GameService - Game flagged as ended by user.
2025-11-30 15:27:36.529 DEBUG com.checkers.logic.GameService - Move WHITE c3 -> d4
2025-11-30 15:27:36.529 DEBUG com.checkers.logic.GameService - Turn ended. Next to move: BLACK
2025-11-30 15:27:36.529 DEBUG com.checkers.logic.GameService - Move BLACK e6 -> d5
2025-11-30 15:27:36.529 DEBUG com.checkers.logic.GameService - Turn ended. Next to move: WHITE
2025-11-30 15:27:36.529 INFO  com.checkers.logic.GameService - Undo applied. Restored turn: BLACK
2025-11-30 15:27:36.530 INFO  com.checkers.logic.GameService - Undo applied. Restored turn: WHITE
2025-11-30 15:27:36.533 DEBUG com.checkers.logic.GameService - Capture WHITE c3 x d4 -> e5
2025-11-30 15:27:36.533 DEBUG com.checkers.logic.GameService - Turn ended. Next to move: BLACK
2025-11-30 15:27:36.534 DEBUG com.checkers.logic.GameService - Move WHITE g7 -> h8
2025-11-30 15:27:36.535 INFO  com.checkers.logic.GameService - Promotion: WHITE crowned at h8
2025-11-30 15:27:36.535 DEBUG com.checkers.logic.GameService - Turn ended. Next to move: BLACK
2025-11-30 15:27:36.537 DEBUG com.checkers.logic.GameService - Move BLACK d6 -> c5
2025-11-30 15:27:36.537 DEBUG com.checkers.logic.GameService - Turn ended. Next to move: WHITE
2025-11-30 15:27:36.537 DEBUG com.checkers.logic.GameService - Move WHITE d4 -> c3
2025-11-30 15:27:36.538 DEBUG com.checkers.logic.GameService - Turn ended. Next to move: BLACK
2025-11-30 15:27:36.539 DEBUG com.checkers.logic.GameService - Illegal: non-king white tried to move backward.
2025-11-30 15:27:36.539 DEBUG com.checkers.logic.GameService - Move WHITE a3 -> b4
2025-11-30 15:27:36.539 DEBUG com.checkers.logic.GameService - Turn ended. Next to move: BLACK
2025-11-30 15:27:36.540 DEBUG com.checkers.logic.GameService - Move WHITE c3 -> d4
2025-11-30 15:27:36.540 DEBUG com.checkers.logic.GameService - Turn ended. Next to move: BLACK
2025-11-30 15:27:36.541 DEBUG com.checkers.logic.GameService - Capture WHITE c3 x d4 -> e5
2025-11-30 15:27:36.541 DEBUG com.checkers.logic.GameService - Capture chain continues for the same piece.
2025-11-30 15:27:36.541 DEBUG com.checkers.logic.GameService - Capture WHITE e5 x f6 -> g7
2025-11-30 15:27:36.541 DEBUG com.checkers.logic.GameService - Turn ended. Next to move: BLACK
2025-11-30 15:29:43.395 DEBUG com.checkers.logic.GameService - Move WHITE c3 -> d4
2025-11-30 15:29:43.396 DEBUG com.checkers.logic.GameService - Turn ended. Next to move: BLACK
2025-11-30 15:29:43.396 INFO  com.checkers.logic.GameService - Restarting game: fresh board, history cleared.
2025-11-30 15:29:43.397 DEBUG com.checkers.logic.GameService - Undo ignored (historyEmpty=true, gameOver=false)
2025-11-30 15:29:43.401 DEBUG com.checkers.logic.GameService - Move WHITE c3 -> d4
2025-11-30 15:29:43.401 DEBUG com.checkers.logic.GameService - Turn ended. Next to move: BLACK
2025-11-30 15:29:43.401 INFO  com.checkers.logic.GameService - Game flagged as ended by user.
2025-11-30 15:29:43.401 DEBUG com.checkers.logic.GameService - Undo ignored (historyEmpty=false, gameOver=true)
2025-11-30 15:29:43.402 DEBUG com.checkers.logic.GameService - Move WHITE c3 -> d4
2025-11-30 15:29:43.402 DEBUG com.checkers.logic.GameService - Turn ended. Next to move: BLACK
2025-11-30 15:29:43.402 INFO  com.checkers.logic.GameService - Undo applied. Restored turn: WHITE
2025-11-30 15:29:43.403 INFO  com.checkers.logic.GameService - Game flagged as ended by user.
2025-11-30 15:29:43.404 DEBUG com.checkers.logic.GameService - Move WHITE c3 -> d4
2025-11-30 15:29:43.404 DEBUG com.checkers.logic.GameService - Turn ended. Next to move: BLACK
2025-11-30 15:29:43.404 DEBUG com.checkers.logic.GameService - Move BLACK e6 -> d5
2025-11-30 15:29:43.404 DEBUG com.checkers.logic.GameService - Turn ended. Next to move: WHITE
2025-11-30 15:29:43.404 INFO  com.checkers.logic.GameService - Undo applied. Restored turn: BLACK
2025-11-30 15:29:43.405 INFO  com.checkers.logic.GameService - Undo applied. Restored turn: WHITE
2025-11-30 15:29:43.408 DEBUG com.checkers.logic.GameService - Capture WHITE c3 x d4 -> e5
2025-11-30 15:29:43.408 DEBUG com.checkers.logic.GameService - Turn ended. Next to move: BLACK
2025-11-30 15:29:43.410 DEBUG com.checkers.logic.GameService - Move WHITE g7 -> h8
2025-11-30 15:29:43.410 INFO  com.checkers.logic.GameService - Promotion: WHITE crowned at h8
2025-11-30 15:29:43.410 DEBUG com.checkers.logic.GameService - Turn ended. Next to move: BLACK
2025-11-30 15:29:43.411 DEBUG com.checkers.logic.GameService - Move BLACK d6 -> c5
2025-11-30 15:29:43.411 DEBUG com.checkers.logic.GameService - Turn ended. Next to move: WHITE
2025-11-30 15:29:43.412 DEBUG com.checkers.logic.GameService - Move WHITE d4 -> c3
2025-11-30 15:29:43.412 DEBUG com.checkers.logic.GameService - Turn ended. Next to move: BLACK
2025-11-30 15:29:43.413 DEBUG com.checkers.logic.GameService - Illegal: non-king white tried to move backward.
2025-11-30 15:29:43.413 DEBUG com.checkers.logic.GameService - Move WHITE a3 -> b4
2025-11-30 15:29:43.413 DEBUG com.checkers.logic.GameService - Turn ended. Next to move: BLACK
2025-11-30 15:29:43.414 DEBUG com.checkers.logic.GameService - Move WHITE c3 -> d4
2025-11-30 15:29:43.414 DEBUG com.checkers.logic.GameService - Turn ended. Next to move: BLACK
2025-11-30 15:29:43.415 DEBUG com.checkers.logic.GameService - Capture WHITE c3 x d4 -> e5
2025-11-30 15:29:43.415 DEBUG com.checkers.logic.GameService - Capture chain continues for the same piece.
2025-11-30 15:29:43.415 DEBUG com.checkers.logic.GameService - Capture WHITE e5 x f6 -> g7
2025-11-30 15:29:43.416 DEBUG com.checkers.logic.GameService - Turn ended. Next to move: BLACK
2025-11-30 15:32:32.243 DEBUG com.checkers.logic.GameService - Move WHITE c3 -> d4
2025-11-30 15:32:32.244 DEBUG com.checkers.logic.GameService - Turn ended. Next to move: BLACK
2025-11-30 15:32:32.244 INFO  com.checkers.logic.GameService - Restarting game: fresh board, history cleared.
2025-11-30 15:32:32.245 DEBUG com.checkers.logic.GameService - Undo ignored (historyEmpty=true, gameOver=false)
2025-11-30 15:32:32.249 DEBUG com.checkers.logic.GameService - Move WHITE c3 -> d4
2025-11-30 15:32:32.249 DEBUG com.checkers.logic.GameService - Turn ended. Next to move: BLACK
2025-11-30 15:32:32.249 INFO  com.checkers.logic.GameService - Game flagged as ended by user.
2025-11-30 15:32:32.249 DEBUG com.checkers.logic.GameService - Undo ignored (historyEmpty=false, gameOver=true)
2025-11-30 15:32:32.251 DEBUG com.checkers.logic.GameService - Move WHITE c3 -> d4
2025-11-30 15:32:32.252 DEBUG com.checkers.logic.GameService - Turn ended. Next to move: BLACK
2025-11-30 15:32:32.252 INFO  com.checkers.logic.GameService - Undo applied. Restored turn: WHITE
2025-11-30 15:32:32.253 INFO  com.checkers.logic.GameService - Game flagged as ended by user.
2025-11-30 15:32:32.254 DEBUG com.checkers.logic.GameService - Move WHITE c3 -> d4
2025-11-30 15:32:32.254 DEBUG com.checkers.logic.GameService - Turn ended. Next to move: BLACK
2025-11-30 15:32:32.254 DEBUG com.checkers.logic.GameService - Move BLACK e6 -> d5
2025-11-30 15:32:32.255 DEBUG com.checkers.logic.GameService - Turn ended. Next to move: WHITE
2025-11-30 15:32:32.255 INFO  com.checkers.logic.GameService - Undo applied. Restored turn: BLACK
2025-11-30 15:32:32.255 INFO  com.checkers.logic.GameService - Undo applied. Restored turn: WHITE
2025-11-30 15:32:32.260 DEBUG com.checkers.logic.GameService - Capture WHITE c3 x d4 -> e5
2025-11-30 15:32:32.260 DEBUG com.checkers.logic.GameService - Turn ended. Next to move: BLACK
2025-11-30 15:32:32.261 DEBUG com.checkers.logic.GameService - Move WHITE g7 -> h8
2025-11-30 15:32:32.261 INFO  com.checkers.logic.GameService - Promotion: WHITE crowned at h8
2025-11-30 15:32:32.261 DEBUG com.checkers.logic.GameService - Turn ended. Next to move: BLACK
2025-11-30 15:32:32.262 DEBUG com.checkers.logic.GameService - Move BLACK d6 -> c5
2025-11-30 15:32:32.262 DEBUG com.checkers.logic.GameService - Turn ended. Next to move: WHITE
2025-11-30 15:32:32.263 DEBUG com.checkers.logic.GameService - Move WHITE d4 -> c3
2025-11-30 15:32:32.263 DEBUG com.checkers.logic.GameService - Turn ended. Next to move: BLACK
2025-11-30 15:32:32.264 DEBUG com.checkers.logic.GameService - Illegal: non-king white tried to move backward.
2025-11-30 15:32:32.265 DEBUG com.checkers.logic.GameService - Move WHITE a3 -> b4
2025-11-30 15:32:32.266 DEBUG com.checkers.logic.GameService - Turn ended. Next to move: BLACK
2025-11-30 15:32:32.266 DEBUG com.checkers.logic.GameService - Move WHITE c3 -> d4
2025-11-30 15:32:32.266 DEBUG com.checkers.logic.GameService - Turn ended. Next to move: BLACK
2025-11-30 15:32:32.268 DEBUG com.checkers.logic.GameService - Capture WHITE c3 x d4 -> e5
2025-11-30 15:32:32.268 DEBUG com.checkers.logic.GameService - Capture chain continues for the same piece.
2025-11-30 15:32:32.268 DEBUG com.checkers.logic.GameService - Capture WHITE e5 x f6 -> g7
2025-11-30 15:32:32.268 DEBUG com.checkers.logic.GameService - Turn ended. Next to move: BLACK
2025-11-30 15:33:00.086 DEBUG com.checkers.logic.GameService - Move WHITE c3 -> d4
2025-11-30 15:33:00.088 DEBUG com.checkers.logic.GameService - Turn ended. Next to move: BLACK
2025-11-30 15:33:00.088 INFO  com.checkers.logic.GameService - Restarting game: fresh board, history cleared.
2025-11-30 15:33:00.089 DEBUG com.checkers.logic.GameService - Undo ignored (historyEmpty=true, gameOver=false)
2025-11-30 15:33:00.092 DEBUG com.checkers.logic.GameService - Move WHITE c3 -> d4
2025-11-30 15:33:00.093 DEBUG com.checkers.logic.GameService - Turn ended. Next to move: BLACK
2025-11-30 15:33:00.093 INFO  com.checkers.logic.GameService - Game flagged as ended by user.
2025-11-30 15:33:00.093 DEBUG com.checkers.logic.GameService - Undo ignored (historyEmpty=false, gameOver=true)
2025-11-30 15:33:00.094 DEBUG com.checkers.logic.GameService - Move WHITE c3 -> d4
2025-11-30 15:33:00.094 DEBUG com.checkers.logic.GameService - Turn ended. Next to move: BLACK
2025-11-30 15:33:00.094 INFO  com.checkers.logic.GameService - Undo applied. Restored turn: WHITE
2025-11-30 15:33:00.095 INFO  com.checkers.logic.GameService - Game flagged as ended by user.
2025-11-30 15:33:00.096 DEBUG com.checkers.logic.GameService - Move WHITE c3 -> d4
2025-11-30 15:33:00.096 DEBUG com.checkers.logic.GameService - Turn ended. Next to move: BLACK
2025-11-30 15:33:00.096 DEBUG com.checkers.logic.GameService - Move BLACK e6 -> d5
2025-11-30 15:33:00.096 DEBUG com.checkers.logic.GameService - Turn ended. Next to move: WHITE
2025-11-30 15:33:00.097 INFO  com.checkers.logic.GameService - Undo applied. Restored turn: BLACK
2025-11-30 15:33:00.097 INFO  com.checkers.logic.GameService - Undo applied. Restored turn: WHITE
2025-11-30 15:33:00.100 DEBUG com.checkers.logic.GameService - Capture WHITE c3 x d4 -> e5
2025-11-30 15:33:00.100 DEBUG com.checkers.logic.GameService - Turn ended. Next to move: BLACK
2025-11-30 15:33:00.102 DEBUG com.checkers.logic.GameService - Move WHITE g7 -> h8
2025-11-30 15:33:00.102 INFO  com.checkers.logic.GameService - Promotion: WHITE crowned at h8
2025-11-30 15:33:00.102 DEBUG com.checkers.logic.GameService - Turn ended. Next to move: BLACK
2025-11-30 15:33:00.103 DEBUG com.checkers.logic.GameService - Move BLACK d6 -> c5
2025-11-30 15:33:00.103 DEBUG com.checkers.logic.GameService - Turn ended. Next to move: WHITE
2025-11-30 15:33:00.104 DEBUG com.checkers.logic.GameService - Move WHITE d4 -> c3
2025-11-30 15:33:00.104 DEBUG com.checkers.logic.GameService - Turn ended. Next to move: BLACK
2025-11-30 15:33:00.106 DEBUG com.checkers.logic.GameService - Illegal: non-king white tried to move backward.
2025-11-30 15:33:00.107 DEBUG com.checkers.logic.GameService - Move WHITE a3 -> b4
2025-11-30 15:33:00.107 DEBUG com.checkers.logic.GameService - Turn ended. Next to move: BLACK
2025-11-30 15:33:00.108 DEBUG com.checkers.logic.GameService - Move WHITE c3 -> d4
2025-11-30 15:33:00.108 DEBUG com.checkers.logic.GameService - Turn ended. Next to move: BLACK
2025-11-30 15:33:00.109 DEBUG com.checkers.logic.GameService - Capture WHITE c3 x d4 -> e5
2025-11-30 15:33:00.109 DEBUG com.checkers.logic.GameService - Capture chain continues for the same piece.
2025-11-30 15:33:00.109 DEBUG com.checkers.logic.GameService - Capture WHITE e5 x f6 -> g7
2025-11-30 15:33:00.109 DEBUG com.checkers.logic.GameService - Turn ended. Next to move: BLACK
2025-11-30 15:33:09.422 DEBUG com.checkers.logic.GameService - Move WHITE c3 -> d4
2025-11-30 15:33:09.423 DEBUG com.checkers.logic.GameService - Turn ended. Next to move: BLACK
2025-11-30 15:33:09.423 INFO  com.checkers.logic.GameService - Restarting game: fresh board, history cleared.
2025-11-30 15:33:09.424 DEBUG com.checkers.logic.GameService - Undo ignored (historyEmpty=true, gameOver=false)
2025-11-30 15:33:09.428 DEBUG com.checkers.logic.GameService - Move WHITE c3 -> d4
2025-11-30 15:33:09.428 DEBUG com.checkers.logic.GameService - Turn ended. Next to move: BLACK
2025-11-30 15:33:09.428 INFO  com.checkers.logic.GameService - Game flagged as ended by user.
2025-11-30 15:33:09.428 DEBUG com.checkers.logic.GameService - Undo ignored (historyEmpty=false, gameOver=true)
2025-11-30 15:33:09.429 DEBUG com.checkers.logic.GameService - Move WHITE c3 -> d4
2025-11-30 15:33:09.429 DEBUG com.checkers.logic.GameService - Turn ended. Next to move: BLACK
2025-11-30 15:33:09.430 INFO  com.checkers.logic.GameService - Undo applied. Restored turn: WHITE
2025-11-30 15:33:09.430 INFO  com.checkers.logic.GameService - Game flagged as ended by user.
2025-11-30 15:33:09.431 DEBUG com.checkers.logic.GameService - Move WHITE c3 -> d4
2025-11-30 15:33:09.431 DEBUG com.checkers.logic.GameService - Turn ended. Next to move: BLACK
2025-11-30 15:33:09.431 DEBUG com.checkers.logic.GameService - Move BLACK e6 -> d5
2025-11-30 15:33:09.432 DEBUG com.checkers.logic.GameService - Turn ended. Next to move: WHITE
2025-11-30 15:33:09.432 INFO  com.checkers.logic.GameService - Undo applied. Restored turn: BLACK
2025-11-30 15:33:09.432 INFO  com.checkers.logic.GameService - Undo applied. Restored turn: WHITE
2025-11-30 15:33:09.435 DEBUG com.checkers.logic.GameService - Capture WHITE c3 x d4 -> e5
2025-11-30 15:33:09.435 DEBUG com.checkers.logic.GameService - Turn ended. Next to move: BLACK
2025-11-30 15:33:09.436 DEBUG com.checkers.logic.GameService - Move WHITE g7 -> h8
2025-11-30 15:33:09.436 INFO  com.checkers.logic.GameService - Promotion: WHITE crowned at h8
2025-11-30 15:33:09.437 DEBUG com.checkers.logic.GameService - Turn ended. Next to move: BLACK
2025-11-30 15:33:09.438 DEBUG com.checkers.logic.GameService - Move BLACK d6 -> c5
2025-11-30 15:33:09.438 DEBUG com.checkers.logic.GameService - Turn ended. Next to move: WHITE
2025-11-30 15:33:09.438 DEBUG com.checkers.logic.GameService - Move WHITE d4 -> c3
2025-11-30 15:33:09.438 DEBUG com.checkers.logic.GameService - Turn ended. Next to move: BLACK
2025-11-30 15:33:09.439 DEBUG com.checkers.logic.GameService - Illegal: non-king white tried to move backward.
2025-11-30 15:33:09.440 DEBUG com.checkers.logic.GameService - Move WHITE a3 -> b4
2025-11-30 15:33:09.440 DEBUG com.checkers.logic.GameService - Turn ended. Next to move: BLACK
2025-11-30 15:33:09.441 DEBUG com.checkers.logic.GameService - Move WHITE c3 -> d4
2025-11-30 15:33:09.441 DEBUG com.checkers.logic.GameService - Turn ended. Next to move: BLACK
2025-11-30 15:33:09.442 DEBUG com.checkers.logic.GameService - Capture WHITE c3 x d4 -> e5
2025-11-30 15:33:09.442 DEBUG com.checkers.logic.GameService - Capture chain continues for the same piece.
2025-11-30 15:33:09.442 DEBUG com.checkers.logic.GameService - Capture WHITE e5 x f6 -> g7
2025-11-30 15:33:09.442 DEBUG com.checkers.logic.GameService - Turn ended. Next to move: BLACK
2025-11-30 15:36:45.850 DEBUG com.checkers.logic.GameService - Move WHITE c3 -> d4
2025-11-30 15:36:45.852 DEBUG com.checkers.logic.GameService - Turn ended. Next to move: BLACK
2025-11-30 15:36:45.852 INFO  com.checkers.logic.GameService - Restarting game: fresh board, history cleared.
2025-11-30 15:36:45.853 DEBUG com.checkers.logic.GameService - Undo ignored (historyEmpty=true, gameOver=false)
2025-11-30 15:36:45.858 DEBUG com.checkers.logic.GameService - Move WHITE c3 -> d4
2025-11-30 15:36:45.858 DEBUG com.checkers.logic.GameService - Turn ended. Next to move: BLACK
2025-11-30 15:36:45.858 INFO  com.checkers.logic.GameService - Game flagged as ended by user.
2025-11-30 15:36:45.858 DEBUG com.checkers.logic.GameService - Undo ignored (historyEmpty=false, gameOver=true)
2025-11-30 15:36:45.859 DEBUG com.checkers.logic.GameService - Move WHITE c3 -> d4
2025-11-30 15:36:45.859 DEBUG com.checkers.logic.GameService - Turn ended. Next to move: BLACK
2025-11-30 15:36:45.859 INFO  com.checkers.logic.GameService - Undo applied. Restored turn: WHITE
2025-11-30 15:36:45.860 INFO  com.checkers.logic.GameService - Game flagged as ended by user.
2025-11-30 15:36:45.861 DEBUG com.checkers.logic.GameService - Move WHITE c3 -> d4
2025-11-30 15:36:45.862 DEBUG com.checkers.logic.GameService - Turn ended. Next to move: BLACK
2025-11-30 15:36:45.862 DEBUG com.checkers.logic.GameService - Move BLACK e6 -> d5
2025-11-30 15:36:45.862 DEBUG com.checkers.logic.GameService - Turn ended. Next to move: WHITE
2025-11-30 15:36:45.862 INFO  com.checkers.logic.GameService - Undo applied. Restored turn: BLACK
2025-11-30 15:36:45.862 INFO  com.checkers.logic.GameService - Undo applied. Restored turn: WHITE
2025-11-30 15:36:45.867 DEBUG com.checkers.logic.GameService - Capture WHITE c3 x d4 -> e5
2025-11-30 15:36:45.867 DEBUG com.checkers.logic.GameService - Turn ended. Next to move: BLACK
2025-11-30 15:36:45.868 DEBUG com.checkers.logic.GameService - Move WHITE g7 -> h8
2025-11-30 15:36:45.868 INFO  com.checkers.logic.GameService - Promotion: WHITE crowned at h8
2025-11-30 15:36:45.868 DEBUG com.checkers.logic.GameService - Turn ended. Next to move: BLACK
2025-11-30 15:36:45.869 DEBUG com.checkers.logic.GameService - Move BLACK d6 -> c5
2025-11-30 15:36:45.869 DEBUG com.checkers.logic.GameService - Turn ended. Next to move: WHITE
2025-11-30 15:36:45.870 DEBUG com.checkers.logic.GameService - Move WHITE d4 -> c3
2025-11-30 15:36:45.870 DEBUG com.checkers.logic.GameService - Turn ended. Next to move: BLACK
2025-11-30 15:36:45.872 DEBUG com.checkers.logic.GameService - Illegal: non-king white tried to move backward.
2025-11-30 15:36:45.873 DEBUG com.checkers.logic.GameService - Move WHITE a3 -> b4
2025-11-30 15:36:45.873 DEBUG com.checkers.logic.GameService - Turn ended. Next to move: BLACK
2025-11-30 15:36:45.874 DEBUG com.checkers.logic.GameService - Move WHITE c3 -> d4
2025-11-30 15:36:45.874 DEBUG com.checkers.logic.GameService - Turn ended. Next to move: BLACK
2025-11-30 15:36:45.876 DEBUG com.checkers.logic.GameService - Capture WHITE c3 x d4 -> e5
2025-11-30 15:36:45.876 DEBUG com.checkers.logic.GameService - Capture chain continues for the same piece.
2025-11-30 15:36:45.876 DEBUG com.checkers.logic.GameService - Capture WHITE e5 x f6 -> g7
2025-11-30 15:36:45.876 DEBUG com.checkers.logic.GameService - Turn ended. Next to move: BLACK
2025-11-30 15:39:13.555 DEBUG com.checkers.logic.GameService - Move WHITE c3 -> d4
2025-11-30 15:39:13.556 DEBUG com.checkers.logic.GameService - Turn ended. Next to move: BLACK
2025-11-30 15:39:13.556 INFO  com.checkers.logic.GameService - Restarting game: fresh board, history cleared.
2025-11-30 15:39:13.557 DEBUG com.checkers.logic.GameService - Undo ignored (historyEmpty=true, gameOver=false)
2025-11-30 15:39:13.562 DEBUG com.checkers.logic.GameService - Move WHITE c3 -> d4
2025-11-30 15:39:13.562 DEBUG com.checkers.logic.GameService - Turn ended. Next to move: BLACK
2025-11-30 15:39:13.562 INFO  com.checkers.logic.GameService - Game flagged as ended by user.
2025-11-30 15:39:13.562 DEBUG com.checkers.logic.GameService - Undo ignored (historyEmpty=false, gameOver=true)
2025-11-30 15:39:13.564 DEBUG com.checkers.logic.GameService - Move WHITE c3 -> d4
2025-11-30 15:39:13.564 DEBUG com.checkers.logic.GameService - Turn ended. Next to move: BLACK
2025-11-30 15:39:13.564 INFO  com.checkers.logic.GameService - Undo applied. Restored turn: WHITE
2025-11-30 15:39:13.565 INFO  com.checkers.logic.GameService - Game flagged as ended by user.
2025-11-30 15:39:13.566 DEBUG com.checkers.logic.GameService - Move WHITE c3 -> d4
2025-11-30 15:39:13.567 DEBUG com.checkers.logic.GameService - Turn ended. Next to move: BLACK
2025-11-30 15:39:13.567 DEBUG com.checkers.logic.GameService - Move BLACK e6 -> d5
2025-11-30 15:39:13.567 DEBUG com.checkers.logic.GameService - Turn ended. Next to move: WHITE
2025-11-30 15:39:13.567 INFO  com.checkers.logic.GameService - Undo applied. Restored turn: BLACK
2025-11-30 15:39:13.567 INFO  com.checkers.logic.GameService - Undo applied. Restored turn: WHITE
2025-11-30 15:39:13.572 DEBUG com.checkers.logic.GameService - Move WHITE g7 -> h8
2025-11-30 15:39:13.573 INFO  com.checkers.logic.GameService - Promotion: WHITE crowned at h8
2025-11-30 15:39:13.573 DEBUG com.checkers.logic.GameService - Turn ended. Next to move: BLACK
2025-11-30 15:39:13.574 DEBUG com.checkers.logic.GameService - Move BLACK c3 -> d2
2025-11-30 15:39:13.574 DEBUG com.checkers.logic.GameService - Turn ended. Next to move: WHITE
2025-11-30 15:39:13.574 DEBUG com.checkers.logic.GameService - Illegal: no piece at e5
2025-11-30 15:39:13.581 DEBUG com.checkers.logic.GameService - Illegal: direction must be 'l' or 'r' (got x)
2025-11-30 15:39:13.582 DEBUG com.checkers.logic.GameService - Move BLACK b6 -> a5
2025-11-30 15:39:13.582 DEBUG com.checkers.logic.GameService - Turn ended. Next to move: WHITE
2025-11-30 15:39:13.583 DEBUG com.checkers.logic.GameService - Move WHITE d4 -> c3
2025-11-30 15:39:13.583 DEBUG com.checkers.logic.GameService - Turn ended. Next to move: BLACK
2025-11-30 15:39:13.584 DEBUG com.checkers.logic.GameService - Move WHITE c3 -> d4
2025-11-30 15:39:13.584 DEBUG com.checkers.logic.GameService - Turn ended. Next to move: BLACK
2025-11-30 15:39:13.585 DEBUG com.checkers.logic.GameService - Move WHITE a3 -> b4
2025-11-30 15:39:13.586 DEBUG com.checkers.logic.GameService - Turn ended. Next to move: BLACK
2025-11-30 15:39:28.662 DEBUG com.checkers.logic.GameService - Move WHITE c3 -> d4
2025-11-30 15:39:28.663 DEBUG com.checkers.logic.GameService - Turn ended. Next to move: BLACK
2025-11-30 15:39:28.663 INFO  com.checkers.logic.GameService - Restarting game: fresh board, history cleared.
2025-11-30 15:39:28.664 DEBUG com.checkers.logic.GameService - Undo ignored (historyEmpty=true, gameOver=false)
2025-11-30 15:39:28.668 DEBUG com.checkers.logic.GameService - Move WHITE c3 -> d4
2025-11-30 15:39:28.668 DEBUG com.checkers.logic.GameService - Turn ended. Next to move: BLACK
2025-11-30 15:39:28.668 INFO  com.checkers.logic.GameService - Game flagged as ended by user.
2025-11-30 15:39:28.668 DEBUG com.checkers.logic.GameService - Undo ignored (historyEmpty=false, gameOver=true)
2025-11-30 15:39:28.669 DEBUG com.checkers.logic.GameService - Move WHITE c3 -> d4
2025-11-30 15:39:28.669 DEBUG com.checkers.logic.GameService - Turn ended. Next to move: BLACK
2025-11-30 15:39:28.669 INFO  com.checkers.logic.GameService - Undo applied. Restored turn: WHITE
2025-11-30 15:39:28.671 INFO  com.checkers.logic.GameService - Game flagged as ended by user.
2025-11-30 15:39:28.673 DEBUG com.checkers.logic.GameService - Move WHITE c3 -> d4
2025-11-30 15:39:28.673 DEBUG com.checkers.logic.GameService - Turn ended. Next to move: BLACK
2025-11-30 15:39:28.673 DEBUG com.checkers.logic.GameService - Move BLACK e6 -> d5
2025-11-30 15:39:28.673 DEBUG com.checkers.logic.GameService - Turn ended. Next to move: WHITE
2025-11-30 15:39:28.673 INFO  com.checkers.logic.GameService - Undo applied. Restored turn: BLACK
2025-11-30 15:39:28.673 INFO  com.checkers.logic.GameService - Undo applied. Restored turn: WHITE
2025-11-30 15:39:28.678 DEBUG com.checkers.logic.GameService - Move WHITE g7 -> h8
2025-11-30 15:39:28.678 INFO  com.checkers.logic.GameService - Promotion: WHITE crowned at h8
2025-11-30 15:39:28.678 DEBUG com.checkers.logic.GameService - Turn ended. Next to move: BLACK
2025-11-30 15:39:28.679 DEBUG com.checkers.logic.GameService - Move BLACK c3 -> d2
2025-11-30 15:39:28.679 DEBUG com.checkers.logic.GameService - Turn ended. Next to move: WHITE
2025-11-30 15:39:28.679 DEBUG com.checkers.logic.GameService - Illegal: no piece at e5
2025-11-30 15:39:28.685 DEBUG com.checkers.logic.GameService - Illegal: direction must be 'l' or 'r' (got x)
2025-11-30 15:39:28.686 DEBUG com.checkers.logic.GameService - Move BLACK b6 -> a5
2025-11-30 15:39:28.686 DEBUG com.checkers.logic.GameService - Turn ended. Next to move: WHITE
2025-11-30 15:39:28.686 DEBUG com.checkers.logic.GameService - Move WHITE d4 -> c3
2025-11-30 15:39:28.687 DEBUG com.checkers.logic.GameService - Turn ended. Next to move: BLACK
2025-11-30 15:39:28.687 DEBUG com.checkers.logic.GameService - Move WHITE c3 -> d4
2025-11-30 15:39:28.687 DEBUG com.checkers.logic.GameService - Turn ended. Next to move: BLACK
2025-11-30 15:39:28.688 DEBUG com.checkers.logic.GameService - Move WHITE a3 -> b4
2025-11-30 15:39:28.688 DEBUG com.checkers.logic.GameService - Turn ended. Next to move: BLACK
2025-11-30 15:41:28.344 DEBUG com.checkers.logic.GameService - Move WHITE c3 -> d4
2025-11-30 15:41:28.345 DEBUG com.checkers.logic.GameService - Turn ended. Next to move: BLACK
2025-11-30 15:41:28.345 INFO  com.checkers.logic.GameService - Restarting game: fresh board, history cleared.
2025-11-30 15:41:28.346 DEBUG com.checkers.logic.GameService - Undo ignored (historyEmpty=true, gameOver=false)
2025-11-30 15:41:28.350 DEBUG com.checkers.logic.GameService - Move WHITE c3 -> d4
2025-11-30 15:41:28.350 DEBUG com.checkers.logic.GameService - Turn ended. Next to move: BLACK
2025-11-30 15:41:28.350 INFO  com.checkers.logic.GameService - Game flagged as ended by user.
2025-11-30 15:41:28.350 DEBUG com.checkers.logic.GameService - Undo ignored (historyEmpty=false, gameOver=true)
2025-11-30 15:41:28.351 DEBUG com.checkers.logic.GameService - Move WHITE c3 -> d4
2025-11-30 15:41:28.352 DEBUG com.checkers.logic.GameService - Turn ended. Next to move: BLACK
2025-11-30 15:41:28.352 INFO  com.checkers.logic.GameService - Undo applied. Restored turn: WHITE
2025-11-30 15:41:28.353 INFO  com.checkers.logic.GameService - Game flagged as ended by user.
2025-11-30 15:41:28.354 DEBUG com.checkers.logic.GameService - Move WHITE c3 -> d4
2025-11-30 15:41:28.354 DEBUG com.checkers.logic.GameService - Turn ended. Next to move: BLACK
2025-11-30 15:41:28.355 DEBUG com.checkers.logic.GameService - Move BLACK e6 -> d5
2025-11-30 15:41:28.355 DEBUG com.checkers.logic.GameService - Turn ended. Next to move: WHITE
2025-11-30 15:41:28.355 INFO  com.checkers.logic.GameService - Undo applied. Restored turn: BLACK
2025-11-30 15:41:28.355 INFO  com.checkers.logic.GameService - Undo applied. Restored turn: WHITE
2025-11-30 15:41:28.358 DEBUG com.checkers.logic.GameService - Move WHITE g7 -> h8
2025-11-30 15:41:28.359 INFO  com.checkers.logic.GameService - Promotion: WHITE crowned at h8
2025-11-30 15:41:28.359 DEBUG com.checkers.logic.GameService - Turn ended. Next to move: BLACK
2025-11-30 15:41:28.360 DEBUG com.checkers.logic.GameService - Move BLACK c3 -> d2
2025-11-30 15:41:28.360 DEBUG com.checkers.logic.GameService - Turn ended. Next to move: WHITE
2025-11-30 15:41:28.360 DEBUG com.checkers.logic.GameService - Illegal: no piece at e5
2025-11-30 15:41:28.364 DEBUG com.checkers.logic.GameService - Illegal: direction must be 'l' or 'r' (got x)
2025-11-30 15:41:28.365 DEBUG com.checkers.logic.GameService - Move BLACK b6 -> a5
2025-11-30 15:41:28.365 DEBUG com.checkers.logic.GameService - Turn ended. Next to move: WHITE
2025-11-30 15:41:28.366 DEBUG com.checkers.logic.GameService - Move WHITE d4 -> c3
2025-11-30 15:41:28.366 DEBUG com.checkers.logic.GameService - Turn ended. Next to move: BLACK
2025-11-30 15:41:28.367 DEBUG com.checkers.logic.GameService - Move WHITE c3 -> d4
2025-11-30 15:41:28.367 DEBUG com.checkers.logic.GameService - Turn ended. Next to move: BLACK
2025-11-30 15:41:28.368 DEBUG com.checkers.logic.GameService - Move WHITE a3 -> b4
2025-11-30 15:41:28.368 DEBUG com.checkers.logic.GameService - Turn ended. Next to move: BLACK
2025-11-30 15:42:44.022 DEBUG com.checkers.logic.GameService - Move WHITE c3 -> d4
2025-11-30 15:42:44.023 DEBUG com.checkers.logic.GameService - Turn ended. Next to move: BLACK
2025-11-30 15:42:44.023 INFO  com.checkers.logic.GameService - Restarting game: fresh board, history cleared.
2025-11-30 15:42:44.024 DEBUG com.checkers.logic.GameService - Undo ignored (historyEmpty=true, gameOver=false)
2025-11-30 15:42:44.029 DEBUG com.checkers.logic.GameService - Move WHITE c3 -> d4
2025-11-30 15:42:44.029 DEBUG com.checkers.logic.GameService - Turn ended. Next to move: BLACK
2025-11-30 15:42:44.029 INFO  com.checkers.logic.GameService - Game flagged as ended by user.
2025-11-30 15:42:44.029 DEBUG com.checkers.logic.GameService - Undo ignored (historyEmpty=false, gameOver=true)
2025-11-30 15:42:44.031 DEBUG com.checkers.logic.GameService - Move WHITE c3 -> d4
2025-11-30 15:42:44.031 DEBUG com.checkers.logic.GameService - Turn ended. Next to move: BLACK
2025-11-30 15:42:44.031 INFO  com.checkers.logic.GameService - Undo applied. Restored turn: WHITE
2025-11-30 15:42:44.032 INFO  com.checkers.logic.GameService - Game flagged as ended by user.
2025-11-30 15:42:44.033 DEBUG com.checkers.logic.GameService - Move WHITE c3 -> d4
2025-11-30 15:42:44.033 DEBUG com.checkers.logic.GameService - Turn ended. Next to move: BLACK
2025-11-30 15:42:44.033 DEBUG com.checkers.logic.GameService - Move BLACK e6 -> d5
2025-11-30 15:42:44.034 DEBUG com.checkers.logic.GameService - Turn ended. Next to move: WHITE
2025-11-30 15:42:44.034 INFO  com.checkers.logic.GameService - Undo applied. Restored turn: BLACK
2025-11-30 15:42:44.034 INFO  com.checkers.logic.GameService - Undo applied. Restored turn: WHITE
2025-11-30 15:42:44.039 DEBUG com.checkers.logic.GameService - Move WHITE g7 -> h8
2025-11-30 15:42:44.040 INFO  com.checkers.logic.GameService - Promotion: WHITE crowned at h8
2025-11-30 15:42:44.040 DEBUG com.checkers.logic.GameService - Turn ended. Next to move: BLACK
2025-11-30 15:42:44.042 DEBUG com.checkers.logic.GameService - Capture BLACK g7 x f6 -> e5
2025-11-30 15:42:44.042 DEBUG com.checkers.logic.GameService - Capture chain continues for the same piece.
2025-11-30 15:42:44.042 DEBUG com.checkers.logic.GameService - Capture BLACK e5 x d4 -> c3
2025-11-30 15:42:44.042 DEBUG com.checkers.logic.GameService - Turn ended. Next to move: WHITE
2025-11-30 15:42:44.044 DEBUG com.checkers.logic.GameService - Illegal: direction must be 'l' or 'r' (got x)
2025-11-30 15:42:44.045 DEBUG com.checkers.logic.GameService - Move BLACK b6 -> a5
2025-11-30 15:42:44.045 DEBUG com.checkers.logic.GameService - Turn ended. Next to move: WHITE
2025-11-30 15:42:44.046 DEBUG com.checkers.logic.GameService - Move WHITE d4 -> c3
2025-11-30 15:42:44.046 DEBUG com.checkers.logic.GameService - Turn ended. Next to move: BLACK
2025-11-30 15:42:44.047 DEBUG com.checkers.logic.GameService - Move WHITE c3 -> d4
2025-11-30 15:42:44.047 DEBUG com.checkers.logic.GameService - Turn ended. Next to move: BLACK
2025-11-30 15:42:44.048 DEBUG com.checkers.logic.GameService - Move WHITE a3 -> b4
2025-11-30 15:42:44.048 DEBUG com.checkers.logic.GameService - Turn ended. Next to move: BLACK
